Fri Sep 27 16:02:19 EDT 2013
7  spent  147.588409185
27  spent  151.307185173
0  spent  163.374015808
1  spent  177.793767929
28  spent  186.645672798
23  spent  190.368530035
5  spent  190.592103958
12  spent  192.609652996
6  spent  197.190554857
29  spent  198.097259998
3  spent  198.31637907
25  spent  198.685769081
11  spent  198.805830002
24  spent  199.753412008
8  spent  200.27307415
20  spent  202.5150249
26  spent  204.687179089
16  spent  205.246231079
2  spent  206.150877953
10  spent  207.345092058
15  spent  207.477116108
22  spent  207.901170015
9  spent  208.720179081
13  spent  210.344290018
17  spent  211.198727131
4  spent  214.163824081
30  spent  216.212763071
14  spent  217.035410881
31  spent  219.699583054
21  spent  221.828682899
18  spent  227.625531912
19  spent  227.911882162
Fri Sep 27 16:06:12 EDT 2013
