Mon Sep 30 10:19:41 EDT 2013
30  spent  143.861589909
0  spent  173.493407965
1  spent  177.636821985
22  spent  183.886303186
28  spent  184.335579157
27  spent  185.570719004
13  spent  186.828794956
29  spent  186.896435022
5  spent  192.980604887
9  spent  193.065118074
7  spent  194.781068087
23  spent  198.806859016
31  spent  199.75810194
25  spent  199.828104019
3  spent  200.168915987
24  spent  200.336180925
10  spent  200.596047163
20  spent  200.972540855
14  spent  202.032254934
8  spent  202.903406858
11  spent  203.579716921
15  spent  203.751642942
6  spent  205.304851055
4  spent  210.841438055
17  spent  211.608747005
12  spent  214.760457993
18  spent  215.806797981
16  spent  216.096688032
26  spent  219.571594954
2  spent  221.160564899
21  spent  232.1709342
19  spent  232.802314043
Mon Sep 30 10:23:38 EDT 2013
