Tue Oct  1 15:30:33 EDT 2013
25  spent  138.19669795
0  spent  170.41720891
1  spent  177.284079075
30  spent  182.352791071
21  spent  185.645305157
11  spent  186.022320986
23  spent  188.731443167
15  spent  189.264418125
28  spent  192.932924986
10  spent  194.575747013
17  spent  194.955840111
31  spent  195.587803125
6  spent  196.211596012
12  spent  196.368334055
27  spent  197.370372057
4  spent  199.338793993
7  spent  200.24420619
22  spent  202.199880838
2  spent  205.845671892
24  spent  206.872901917
9  spent  207.681800127
14  spent  208.311187983
5  spent  209.505084038
8  spent  211.121673107
13  spent  212.497438908
26  spent  214.380460024
19  spent  216.404033899
3  spent  220.147072077
18  spent  220.692767859
16  spent  221.365175962
29  spent  223.12948823
20  spent  230.627813101
Tue Oct  1 15:34:29 EDT 2013
