6  spent  119.872907162
0  spent  158.305768967
1  spent  175.149653912
8  spent  182.453545809
10  spent  184.814738989
11  spent  191.628211975
13  spent  195.048372984
3  spent  197.208065033
12  spent  198.824523926
15  spent  199.118926048
28  spent  199.210592031
27  spent  200.005873919
14  spent  200.640758038
9  spent  200.996044874
24  spent  201.461081028
29  spent  203.18639493
26  spent  205.354854107
7  spent  206.754578829
22  spent  207.091359854
25  spent  208.048416853
19  spent  208.539855003
4  spent  210.579658985
30  spent  211.069652081
16  spent  211.259912968
23  spent  212.13229084
5  spent  212.314718008
2  spent  216.09230423
17  spent  217.369822025
20  spent  218.36137104
31  spent  218.386837959
18  spent  227.51871419
21  spent  228.056381941
